<?xml version="1.0" encoding="UTF-8"?>
<testng-results ignored="0" total="1" passed="0" failed="0" skipped="1">
  <reporter-output>
  </reporter-output>
  <suite started-at="2025-02-18T15:27:09 IST" name="Default suite" finished-at="2025-02-18T15:27:16 IST" duration-ms="6888">
    <groups>
    </groups>
    <test started-at="2025-02-18T15:27:09 IST" name="Default test" finished-at="2025-02-18T15:27:16 IST" duration-ms="6888">
      <class name="com.test.AmazonTest">
        <test-method is-config="true" signature="setupTest()[pri:0, instance:com.test.AmazonTest@44ebcd03]" started-at="2025-02-18T15:27:09 IST" name="setupTest" finished-at="2025-02-18T15:27:16 IST" duration-ms="6823" status="FAIL">
          <exception class="org.openqa.selenium.SessionNotCreatedException">
            <message>
              <![CDATA[session not created: This version of Microsoft Edge WebDriver only supports Microsoft Edge version 124
Current browser version is 133.0.3065.69 with binary path C:\Program Files (x86)\Microsoft\Edge\Application\msedge.exe
Build info: version: '3.141.59', revision: 'e82be7d358', time: '2018-11-14T08:17:03'
System info: host: 'CHNMCT593190L', ip: '10.81.46.195', os.name: 'Windows 11', os.arch: 'amd64', os.version: '10.0', java.version: '21.0.5'
Driver info: driver.version: EdgeDriver
remote stacktrace: GetHandleVerifier [0x00007FF6A99CE4D2+63026]
Microsoft::Applications::Events::ILogConfiguration::operator* [0x00007FF6A9960FA2+213762]
(No symbol) [0x00007FF6A978E7A7]
(No symbol) [0x00007FF6A97C6B7F]
(No symbol) [0x00007FF6A97C6038]
(No symbol) [0x00007FF6A97C06C0]
(No symbol) [0x00007FF6A97BD147]
(No symbol) [0x00007FF6A97FEE2C]
(No symbol) [0x00007FF6A97F4B43]
(No symbol) [0x00007FF6A97CA33E]
(No symbol) [0x00007FF6A97C94EC]
(No symbol) [0x00007FF6A97C9EF1]
Microsoft::Applications::Events::EventProperty::to_string [0x00007FF6A9B75704+1025348]
(No symbol) [0x00007FF6A983F29C]
Microsoft::Applications::Events::EventProperty::~EventProperty [0x00007FF6A98DBD3C+34028]
Microsoft::Applications::Events::EventProperty::~EventProperty [0x00007FF6A98D4525+3285]
Microsoft::Applications::Events::EventProperty::to_string [0x00007FF6A9B746C5+1021189]
Microsoft::Applications::Events::ILogConfiguration::operator* [0x00007FF6A9969A61+249281]
Microsoft::Applications::Events::ILogConfiguration::operator* [0x00007FF6A99654E4+231492]
Microsoft::Applications::Events::ILogConfiguration::operator* [0x00007FF6A996561B+231803]
Microsoft::Applications::Events::ILogConfiguration::operator* [0x00007FF6A995B245+189861]
BaseThreadInitThunk [0x00007FFFB37E259D+29]
RtlUserThreadStart [0x00007FFFB3AEAF38+40]
]]>
            </message>
            <full-stacktrace>
              <![CDATA[org.openqa.selenium.SessionNotCreatedException: session not created: This version of Microsoft Edge WebDriver only supports Microsoft Edge version 124
Current browser version is 133.0.3065.69 with binary path C:\Program Files (x86)\Microsoft\Edge\Application\msedge.exe
Build info: version: '3.141.59', revision: 'e82be7d358', time: '2018-11-14T08:17:03'
System info: host: 'CHNMCT593190L', ip: '10.81.46.195', os.name: 'Windows 11', os.arch: 'amd64', os.version: '10.0', java.version: '21.0.5'
Driver info: driver.version: EdgeDriver
remote stacktrace: GetHandleVerifier [0x00007FF6A99CE4D2+63026]
Microsoft::Applications::Events::ILogConfiguration::operator* [0x00007FF6A9960FA2+213762]
(No symbol) [0x00007FF6A978E7A7]
(No symbol) [0x00007FF6A97C6B7F]
(No symbol) [0x00007FF6A97C6038]
(No symbol) [0x00007FF6A97C06C0]
(No symbol) [0x00007FF6A97BD147]
(No symbol) [0x00007FF6A97FEE2C]
(No symbol) [0x00007FF6A97F4B43]
(No symbol) [0x00007FF6A97CA33E]
(No symbol) [0x00007FF6A97C94EC]
(No symbol) [0x00007FF6A97C9EF1]
Microsoft::Applications::Events::EventProperty::to_string [0x00007FF6A9B75704+1025348]
(No symbol) [0x00007FF6A983F29C]
Microsoft::Applications::Events::EventProperty::~EventProperty [0x00007FF6A98DBD3C+34028]
Microsoft::Applications::Events::EventProperty::~EventProperty [0x00007FF6A98D4525+3285]
Microsoft::Applications::Events::EventProperty::to_string [0x00007FF6A9B746C5+1021189]
Microsoft::Applications::Events::ILogConfiguration::operator* [0x00007FF6A9969A61+249281]
Microsoft::Applications::Events::ILogConfiguration::operator* [0x00007FF6A99654E4+231492]
Microsoft::Applications::Events::ILogConfiguration::operator* [0x00007FF6A996561B+231803]
Microsoft::Applications::Events::ILogConfiguration::operator* [0x00007FF6A995B245+189861]
BaseThreadInitThunk [0x00007FFFB37E259D+29]
RtlUserThreadStart [0x00007FFFB3AEAF38+40]

at java.base/jdk.internal.reflect.DirectConstructorHandleAccessor.newInstance(DirectConstructorHandleAccessor.java:62)
at java.base/java.lang.reflect.Constructor.newInstanceWithCaller(Constructor.java:502)
at java.base/java.lang.reflect.Constructor.newInstance(Constructor.java:486)
at org.openqa.selenium.remote.W3CHandshakeResponse.lambda$errorHandler$0(W3CHandshakeResponse.java:62)
at org.openqa.selenium.remote.HandshakeResponse.lambda$getResponseFunction$0(HandshakeResponse.java:30)
at org.openqa.selenium.remote.ProtocolHandshake.lambda$createSession$0(ProtocolHandshake.java:126)
at java.base/java.util.stream.ReferencePipeline$3$1.accept(ReferencePipeline.java:197)
at java.base/java.util.Spliterators$ArraySpliterator.tryAdvance(Spliterators.java:1034)
at java.base/java.util.stream.ReferencePipeline.forEachWithCancel(ReferencePipeline.java:129)
at java.base/java.util.stream.AbstractPipeline.copyIntoWithCancel(AbstractPipeline.java:527)
at java.base/java.util.stream.AbstractPipeline.copyInto(AbstractPipeline.java:513)
at java.base/java.util.stream.AbstractPipeline.wrapAndCopyInto(AbstractPipeline.java:499)
at java.base/java.util.stream.FindOps$FindOp.evaluateSequential(FindOps.java:150)
at java.base/java.util.stream.AbstractPipeline.evaluate(AbstractPipeline.java:234)
at java.base/java.util.stream.ReferencePipeline.findFirst(ReferencePipeline.java:647)
at org.openqa.selenium.remote.ProtocolHandshake.createSession(ProtocolHandshake.java:128)
at org.openqa.selenium.remote.ProtocolHandshake.createSession(ProtocolHandshake.java:74)
at org.openqa.selenium.remote.HttpCommandExecutor.execute(HttpCommandExecutor.java:136)
at org.openqa.selenium.remote.service.DriverCommandExecutor.execute(DriverCommandExecutor.java:83)
at org.openqa.selenium.remote.RemoteWebDriver.execute(RemoteWebDriver.java:552)
at org.openqa.selenium.remote.RemoteWebDriver.startSession(RemoteWebDriver.java:213)
at org.openqa.selenium.remote.RemoteWebDriver.<init>(RemoteWebDriver.java:131)
at org.openqa.selenium.edge.EdgeDriver.<init>(EdgeDriver.java:141)
at org.openqa.selenium.edge.EdgeDriver.<init>(EdgeDriver.java:96)
at com.base.Baseclass.SetUP(Baseclass.java:35)
at com.test.AmazonTest.setupTest(AmazonTest.java:28)
at java.base/jdk.internal.reflect.DirectMethodHandleAccessor.invoke(DirectMethodHandleAccessor.java:103)
at java.base/java.lang.reflect.Method.invoke(Method.java:580)
at org.testng.internal.MethodInvocationHelper.invokeMethod(MethodInvocationHelper.java:133)
at org.testng.internal.MethodInvocationHelper.invokeMethodConsideringTimeout(MethodInvocationHelper.java:62)
at org.testng.internal.ConfigInvoker.invokeConfigurationMethod(ConfigInvoker.java:385)
at org.testng.internal.ConfigInvoker.invokeConfigurations(ConfigInvoker.java:321)
at org.testng.internal.TestInvoker.runConfigMethods(TestInvoker.java:700)
at org.testng.internal.TestInvoker.invokeMethod(TestInvoker.java:527)
at org.testng.internal.TestInvoker.invokeTestMethod(TestInvoker.java:173)
at org.testng.internal.MethodRunner.runInSequence(MethodRunner.java:46)
at org.testng.internal.TestInvoker$MethodInvocationAgent.invoke(TestInvoker.java:824)
at org.testng.internal.TestInvoker.invokeTestMethods(TestInvoker.java:146)
at org.testng.internal.TestMethodWorker.invokeTestMethods(TestMethodWorker.java:146)
at org.testng.internal.TestMethodWorker.run(TestMethodWorker.java:128)
at java.base/java.util.ArrayList.forEach(ArrayList.java:1596)
at org.testng.TestRunner.privateRun(TestRunner.java:794)
at org.testng.TestRunner.run(TestRunner.java:596)
at org.testng.SuiteRunner.runTest(SuiteRunner.java:377)
at org.testng.SuiteRunner.runSequentially(SuiteRunner.java:371)
at org.testng.SuiteRunner.privateRun(SuiteRunner.java:332)
at org.testng.SuiteRunner.run(SuiteRunner.java:276)
at org.testng.SuiteRunnerWorker.runSuite(SuiteRunnerWorker.java:53)
at org.testng.SuiteRunnerWorker.run(SuiteRunnerWorker.java:96)
at org.testng.TestNG.runSuitesSequentially(TestNG.java:1212)
at org.testng.TestNG.runSuitesLocally(TestNG.java:1134)
at org.testng.TestNG.runSuites(TestNG.java:1063)
at org.testng.TestNG.run(TestNG.java:1031)
at org.testng.remote.AbstractRemoteTestNG.run(AbstractRemoteTestNG.java:115)
at org.testng.remote.RemoteTestNG.initAndRun(RemoteTestNG.java:293)
at org.testng.remote.RemoteTestNG.main(RemoteTestNG.java:91)
]]>
            </full-stacktrace>
          </exception> <!-- org.openqa.selenium.SessionNotCreatedException -->
          <reporter-output>
          </reporter-output>
        </test-method> <!-- setupTest -->
        <test-method signature="AmazonFullFlow()[pri:0, instance:com.test.AmazonTest@44ebcd03]" started-at="2025-02-18T15:27:16 IST" name="AmazonFullFlow" finished-at="2025-02-18T15:27:16 IST" duration-ms="0" status="SKIP">
          <exception class="org.openqa.selenium.SessionNotCreatedException">
            <message>
              <![CDATA[session not created: This version of Microsoft Edge WebDriver only supports Microsoft Edge version 124
Current browser version is 133.0.3065.69 with binary path C:\Program Files (x86)\Microsoft\Edge\Application\msedge.exe
Build info: version: '3.141.59', revision: 'e82be7d358', time: '2018-11-14T08:17:03'
System info: host: 'CHNMCT593190L', ip: '10.81.46.195', os.name: 'Windows 11', os.arch: 'amd64', os.version: '10.0', java.version: '21.0.5'
Driver info: driver.version: EdgeDriver
remote stacktrace: GetHandleVerifier [0x00007FF6A99CE4D2+63026]
Microsoft::Applications::Events::ILogConfiguration::operator* [0x00007FF6A9960FA2+213762]
(No symbol) [0x00007FF6A978E7A7]
(No symbol) [0x00007FF6A97C6B7F]
(No symbol) [0x00007FF6A97C6038]
(No symbol) [0x00007FF6A97C06C0]
(No symbol) [0x00007FF6A97BD147]
(No symbol) [0x00007FF6A97FEE2C]
(No symbol) [0x00007FF6A97F4B43]
(No symbol) [0x00007FF6A97CA33E]
(No symbol) [0x00007FF6A97C94EC]
(No symbol) [0x00007FF6A97C9EF1]
Microsoft::Applications::Events::EventProperty::to_string [0x00007FF6A9B75704+1025348]
(No symbol) [0x00007FF6A983F29C]
Microsoft::Applications::Events::EventProperty::~EventProperty [0x00007FF6A98DBD3C+34028]
Microsoft::Applications::Events::EventProperty::~EventProperty [0x00007FF6A98D4525+3285]
Microsoft::Applications::Events::EventProperty::to_string [0x00007FF6A9B746C5+1021189]
Microsoft::Applications::Events::ILogConfiguration::operator* [0x00007FF6A9969A61+249281]
Microsoft::Applications::Events::ILogConfiguration::operator* [0x00007FF6A99654E4+231492]
Microsoft::Applications::Events::ILogConfiguration::operator* [0x00007FF6A996561B+231803]
Microsoft::Applications::Events::ILogConfiguration::operator* [0x00007FF6A995B245+189861]
BaseThreadInitThunk [0x00007FFFB37E259D+29]
RtlUserThreadStart [0x00007FFFB3AEAF38+40]
]]>
            </message>
            <full-stacktrace>
              <![CDATA[org.openqa.selenium.SessionNotCreatedException: session not created: This version of Microsoft Edge WebDriver only supports Microsoft Edge version 124
Current browser version is 133.0.3065.69 with binary path C:\Program Files (x86)\Microsoft\Edge\Application\msedge.exe
Build info: version: '3.141.59', revision: 'e82be7d358', time: '2018-11-14T08:17:03'
System info: host: 'CHNMCT593190L', ip: '10.81.46.195', os.name: 'Windows 11', os.arch: 'amd64', os.version: '10.0', java.version: '21.0.5'
Driver info: driver.version: EdgeDriver
remote stacktrace: GetHandleVerifier [0x00007FF6A99CE4D2+63026]
Microsoft::Applications::Events::ILogConfiguration::operator* [0x00007FF6A9960FA2+213762]
(No symbol) [0x00007FF6A978E7A7]
(No symbol) [0x00007FF6A97C6B7F]
(No symbol) [0x00007FF6A97C6038]
(No symbol) [0x00007FF6A97C06C0]
(No symbol) [0x00007FF6A97BD147]
(No symbol) [0x00007FF6A97FEE2C]
(No symbol) [0x00007FF6A97F4B43]
(No symbol) [0x00007FF6A97CA33E]
(No symbol) [0x00007FF6A97C94EC]
(No symbol) [0x00007FF6A97C9EF1]
Microsoft::Applications::Events::EventProperty::to_string [0x00007FF6A9B75704+1025348]
(No symbol) [0x00007FF6A983F29C]
Microsoft::Applications::Events::EventProperty::~EventProperty [0x00007FF6A98DBD3C+34028]
Microsoft::Applications::Events::EventProperty::~EventProperty [0x00007FF6A98D4525+3285]
Microsoft::Applications::Events::EventProperty::to_string [0x00007FF6A9B746C5+1021189]
Microsoft::Applications::Events::ILogConfiguration::operator* [0x00007FF6A9969A61+249281]
Microsoft::Applications::Events::ILogConfiguration::operator* [0x00007FF6A99654E4+231492]
Microsoft::Applications::Events::ILogConfiguration::operator* [0x00007FF6A996561B+231803]
Microsoft::Applications::Events::ILogConfiguration::operator* [0x00007FF6A995B245+189861]
BaseThreadInitThunk [0x00007FFFB37E259D+29]
RtlUserThreadStart [0x00007FFFB3AEAF38+40]

at java.base/jdk.internal.reflect.DirectConstructorHandleAccessor.newInstance(DirectConstructorHandleAccessor.java:62)
at java.base/java.lang.reflect.Constructor.newInstanceWithCaller(Constructor.java:502)
at java.base/java.lang.reflect.Constructor.newInstance(Constructor.java:486)
at org.openqa.selenium.remote.W3CHandshakeResponse.lambda$errorHandler$0(W3CHandshakeResponse.java:62)
at org.openqa.selenium.remote.HandshakeResponse.lambda$getResponseFunction$0(HandshakeResponse.java:30)
at org.openqa.selenium.remote.ProtocolHandshake.lambda$createSession$0(ProtocolHandshake.java:126)
at java.base/java.util.stream.ReferencePipeline$3$1.accept(ReferencePipeline.java:197)
at java.base/java.util.Spliterators$ArraySpliterator.tryAdvance(Spliterators.java:1034)
at java.base/java.util.stream.ReferencePipeline.forEachWithCancel(ReferencePipeline.java:129)
at java.base/java.util.stream.AbstractPipeline.copyIntoWithCancel(AbstractPipeline.java:527)
at java.base/java.util.stream.AbstractPipeline.copyInto(AbstractPipeline.java:513)
at java.base/java.util.stream.AbstractPipeline.wrapAndCopyInto(AbstractPipeline.java:499)
at java.base/java.util.stream.FindOps$FindOp.evaluateSequential(FindOps.java:150)
at java.base/java.util.stream.AbstractPipeline.evaluate(AbstractPipeline.java:234)
at java.base/java.util.stream.ReferencePipeline.findFirst(ReferencePipeline.java:647)
at org.openqa.selenium.remote.ProtocolHandshake.createSession(ProtocolHandshake.java:128)
at org.openqa.selenium.remote.ProtocolHandshake.createSession(ProtocolHandshake.java:74)
at org.openqa.selenium.remote.HttpCommandExecutor.execute(HttpCommandExecutor.java:136)
at org.openqa.selenium.remote.service.DriverCommandExecutor.execute(DriverCommandExecutor.java:83)
at org.openqa.selenium.remote.RemoteWebDriver.execute(RemoteWebDriver.java:552)
at org.openqa.selenium.remote.RemoteWebDriver.startSession(RemoteWebDriver.java:213)
at org.openqa.selenium.remote.RemoteWebDriver.<init>(RemoteWebDriver.java:131)
at org.openqa.selenium.edge.EdgeDriver.<init>(EdgeDriver.java:141)
at org.openqa.selenium.edge.EdgeDriver.<init>(EdgeDriver.java:96)
at com.base.Baseclass.SetUP(Baseclass.java:35)
at com.test.AmazonTest.setupTest(AmazonTest.java:28)
at java.base/jdk.internal.reflect.DirectMethodHandleAccessor.invoke(DirectMethodHandleAccessor.java:103)
at java.base/java.lang.reflect.Method.invoke(Method.java:580)
at org.testng.internal.MethodInvocationHelper.invokeMethod(MethodInvocationHelper.java:133)
at org.testng.internal.MethodInvocationHelper.invokeMethodConsideringTimeout(MethodInvocationHelper.java:62)
at org.testng.internal.ConfigInvoker.invokeConfigurationMethod(ConfigInvoker.java:385)
at org.testng.internal.ConfigInvoker.invokeConfigurations(ConfigInvoker.java:321)
at org.testng.internal.TestInvoker.runConfigMethods(TestInvoker.java:700)
at org.testng.internal.TestInvoker.invokeMethod(TestInvoker.java:527)
at org.testng.internal.TestInvoker.invokeTestMethod(TestInvoker.java:173)
at org.testng.internal.MethodRunner.runInSequence(MethodRunner.java:46)
at org.testng.internal.TestInvoker$MethodInvocationAgent.invoke(TestInvoker.java:824)
at org.testng.internal.TestInvoker.invokeTestMethods(TestInvoker.java:146)
at org.testng.internal.TestMethodWorker.invokeTestMethods(TestMethodWorker.java:146)
at org.testng.internal.TestMethodWorker.run(TestMethodWorker.java:128)
at java.base/java.util.ArrayList.forEach(ArrayList.java:1596)
at org.testng.TestRunner.privateRun(TestRunner.java:794)
at org.testng.TestRunner.run(TestRunner.java:596)
at org.testng.SuiteRunner.runTest(SuiteRunner.java:377)
at org.testng.SuiteRunner.runSequentially(SuiteRunner.java:371)
at org.testng.SuiteRunner.privateRun(SuiteRunner.java:332)
at org.testng.SuiteRunner.run(SuiteRunner.java:276)
at org.testng.SuiteRunnerWorker.runSuite(SuiteRunnerWorker.java:53)
at org.testng.SuiteRunnerWorker.run(SuiteRunnerWorker.java:96)
at org.testng.TestNG.runSuitesSequentially(TestNG.java:1212)
at org.testng.TestNG.runSuitesLocally(TestNG.java:1134)
at org.testng.TestNG.runSuites(TestNG.java:1063)
at org.testng.TestNG.run(TestNG.java:1031)
at org.testng.remote.AbstractRemoteTestNG.run(AbstractRemoteTestNG.java:115)
at org.testng.remote.RemoteTestNG.initAndRun(RemoteTestNG.java:293)
at org.testng.remote.RemoteTestNG.main(RemoteTestNG.java:91)
]]>
            </full-stacktrace>
          </exception> <!-- org.openqa.selenium.SessionNotCreatedException -->
          <reporter-output>
          </reporter-output>
        </test-method> <!-- AmazonFullFlow -->
      </class> <!-- com.test.AmazonTest -->
    </test> <!-- Default test -->
  </suite> <!-- Default suite -->
</testng-results>
